<?xml version="1.0" encoding="UTF-8"?>
<!-- Generated by org.testng.reporters.JUnitReportReporter -->
<testsuite hostname="LAPTOP-G4U5KAR8" name="TestLayer.AddUserTest" tests="2" failures="0" timestamp="10 Nov 2019 12:49:29 GMT" time="24.761" errors="0">
  <testcase name="newAddUser1" time="12.778" classname="TestLayer.AddUserTest"/>
  <testcase name="newAddUser1" time="11.983" classname="TestLayer.AddUserTest"/>
</testsuite> <!-- TestLayer.AddUserTest -->
